<?xml version="1.0" encoding="UTF-8"?>
<!-- Generated by org.testng.reporters.JUnitReportReporter -->
<testsuite skipped="0" hostname="LuckydeMacBook-Pro.local" name="first.TestCase10_readArticle" tests="3" failures="0" timestamp="12 五月 2020 14:45:26 GMT" time="7.971" errors="0">
  <testcase name="login" time="5.563" classname="first.TestCase10_readArticle"/>
  <testcase name="enterMyScore" time="0.214" classname="first.TestCase10_readArticle"/>
  <testcase name="checkpoint_01_enterMyScore" time="2.194" classname="first.TestCase10_readArticle"/>
</testsuite> <!-- first.TestCase10_readArticle -->
