<?xml version="1.0" encoding="UTF-8"?>
<!-- Generated by org.testng.reporters.JUnitReportReporter -->
<testsuite skipped="3" hostname="LuckydeMacBook-Pro.local" name="first.TestCase04_getReadArticleScore" tests="3" failures="0" timestamp="29 十月 2020 13:08:42 GMT" time="0.000" errors="0">
  <testcase name="enterMy" time="0.000" classname="first.TestCase04_getReadArticleScore">
    <skipped/>
  </testcase> <!-- enterMy -->
  <testcase name="readArticle" time="0.000" classname="first.TestCase04_getReadArticleScore">
    <skipped/>
  </testcase> <!-- readArticle -->
  <testcase name="login" time="0.000" classname="first.TestCase04_getReadArticleScore">
    <skipped/>
  </testcase> <!-- login -->
</testsuite> <!-- first.TestCase04_getReadArticleScore -->
