<?xml version="1.0" encoding="UTF-8"?>
<!-- Generated by org.testng.reporters.JUnitReportReporter -->
<testsuite skipped="0" hostname="YANGXING7-N2GP4" name="com.first.Basic" tests="1" failures="0" timestamp="28 五月 2019 16:06:57 GMT" time="54.998" errors="0">
  <testcase name="SetUp" time="54.998" classname="com.first.Basic"/>
</testsuite> <!-- com.first.Basic -->
