<?xml version="1.0" encoding="UTF-8"?>
<!-- Generated by org.testng.reporters.JUnitReportReporter -->
<testsuite skipped="0" hostname="YANGXING7-N2GP4" name="com.first.TestCase05_orderModule" tests="4" failures="0" timestamp="03 七月 2019 08:24:30 GMT" time="58.952" errors="0">
  <testcase name="chooseOneModule" time="12.931" classname="com.first.TestCase05_orderModule"/>
  <testcase name="login" time="5.076" classname="com.first.TestCase05_orderModule"/>
  <testcase name="enterOrder" time="40.317" classname="com.first.TestCase05_orderModule"/>
  <testcase name="enterAddOrder" time="0.628" classname="com.first.TestCase05_orderModule"/>
</testsuite> <!-- com.first.TestCase05_orderModule -->
