<?xml version="1.0" encoding="UTF-8"?>
<!-- Generated by org.testng.reporters.JUnitReportReporter -->
<testsuite skipped="0" hostname="LuckydeMacBook-Pro.local" name="first.TestCase09_answerQuestionDaily" tests="3" failures="0" timestamp="26 五月 2020 13:27:37 GMT" time="32.728" errors="0">
  <testcase name="enterMyMessageOne" time="0.136" classname="first.TestCase09_answerQuestionDaily"/>
  <testcase name="login" time="5.114" classname="first.TestCase09_answerQuestionDaily"/>
  <testcase name="enterDailyQuestion" time="27.478" classname="first.TestCase09_answerQuestionDaily"/>
</testsuite> <!-- first.TestCase09_answerQuestionDaily -->
