<?xml version="1.0" encoding="UTF-8"?>
<!-- Generated by org.testng.reporters.JUnitReportReporter -->
<testsuite skipped="0" hostname="YANGXING7-N2GP4" name="com.first.TestCase04_getReadArticleScore" tests="4" failures="0" timestamp="24 六月 2019 02:39:28 GMT" time="108.910" errors="0">
  <testcase name="enterStudyScore" time="12.639" classname="com.first.TestCase04_getReadArticleScore"/>
  <testcase name="getReadArticleScore" time="77.584" classname="com.first.TestCase04_getReadArticleScore"/>
  <testcase name="enterMy" time="7.248" classname="com.first.TestCase04_getReadArticleScore"/>
  <testcase name="login" time="11.439" classname="com.first.TestCase04_getReadArticleScore"/>
</testsuite> <!-- com.first.TestCase04_getReadArticleScore -->
